#
# A fatal error has been detected by the Java Runtime Environment:
#
#  SIGSEGV (0xb) at pc=0x0000000121cce2df, pid=18163, tid=0x0000000000014e83
#
# JRE version: Java(TM) SE Runtime Environment (8.0_161-b12) (build 1.8.0_161-b12)
# Java VM: Java HotSpot(TM) 64-Bit Server VM (25.161-b12 mixed mode bsd-amd64 compressed oops)
# Problematic frame:
# C  [libawt_lwawt.dylib+0x1c2df]  OGLSD_SetScratchSurface+0x49
#
# Failed to write core dump. Core dumps have been disabled. To enable core dumping, try "ulimit -c unlimited" before starting Java again
#
# If you would like to submit a bug report, please visit:
#   http://bugreport.java.com/bugreport/crash.jsp
# The crash happened outside the Java Virtual Machine in native code.
# See problematic frame for where to report the bug.
#

---------------  T H R E A D  ---------------

Current thread (0x00007f9149b6c800):  JavaThread "Java2D Queue Flusher" daemon [_thread_in_native, id=85635, stack(0x000070000abe8000,0x000070000ace8000)]

siginfo: si_signo: 11 (SIGSEGV), si_code: 1 (SEGV_MAPERR), si_addr: 0x0000000000000002

Registers:
RAX=0x00000000ffffffff, RBX=0x0000000000000002, RCX=0x0000000000000047, RDX=0x0000000121cefd8c
RSP=0x000070000ace7720, RBP=0x000070000ace7740, RSI=0x00007f914b5f0680, RDI=0x00007f9149b6c9f8
R8 =0x0000000000000f9d, R9 =0xffffffff00000000, R10=0x000000010afd3eb8, R11=0x00007f91487d5848
R12=0x0000000000000000, R13=0x000000010a6b4254, R14=0x00007f9149b6c9f8, R15=0x00007f9149b6c800
RIP=0x0000000121cce2df, EFLAGS=0x0000000000010202, ERR=0x0000000000000004
  TRAPNO=0x000000000000000e

Top of Stack: (sp=0x000070000ace7720)
0x000070000ace7720:   00007f914b5f0680 0000000000000000
0x000070000ace7730:   00007f914aa21410 00007f9149b6c800
0x000070000ace7740:   000070000ace77c0 0000000121cef86a
0x000070000ace7750:   000070000ace77b0 00007fff7d3bf7a7
0x000070000ace7760:   0000000044254000 00007f914b512ae0
0x000070000ace7770:   000070000ace7790 0000000000000064
0x000070000ace7780:   00007f9148d20bc8 00007f914aa21420
0x000070000ace7790:   00007f9100b6c800 00007f9149b6c9f8
0x000070000ace77a0:   000000015dcfc690 0000000000000000
0x000070000ace77b0:   000070000ace7828 00007f9149b6c800
0x000070000ace77c0:   000070000ace7810 000000010afd3f2a
0x000070000ace77d0:   00000006c08e1258 000000010395151e
0x000070000ace77e0:   0000000000000005 00007f9149b6c800
0x000070000ace77f0:   00000006c08e1301 00007f914b433950
0x000070000ace7800:   000070000ace7800 00007f9149b6c800
0x000070000ace7810:   000070000ace79d0 000000010a8ac3fc
0x000070000ace7820:   000070000ace7828 00007f9149b6c800
0x000070000ace7830:   000070000ace7880 000000010ad866a8
0x000070000ace7840:   00000006c08e1330 000070000ace7870
0x000070000ace7850:   0000000121a00d30 0000000000000001
0x000070000ace7860:   00000006c043e368 000000010abe7b24
0x000070000ace7870:   00000006c08e1258 0000000000000206
0x000070000ace7880:   000070000ace79d0 000000010af8b224
0x000070000ace7890:   0000000000000041 0000000124c09068
0x000070000ace78a0:   0000000000000000 0000700000000000
0x000070000ace78b0:   00000000000000dc 0000000000000000
0x000070000ace78c0:   000070000ace7968 00007f9149b6c800
0x000070000ace78d0:   000070000ace7940 000000010a52ec9f
0x000070000ace78e0:   000000010a5152bd 0000000100000001
0x000070000ace78f0:   00000006c08e1330 00000006c08e1330
0x000070000ace7900:   0000700000000000 000000010af8a4d0
0x000070000ace7910:   000070000ace7968 0000000124c09538 

Instructions: (pc=0x0000000121cce2df)
0x0000000121cce2bf:   c0 e9 82 00 00 00 48 8b 5e 10 48 85 db 75 0e bf
0x0000000121cce2cf:   01 00 00 00 48 8d 15 1e 95 03 00 eb d6 49 89 fe
0x0000000121cce2df:   4c 8b 3b 30 c0 e8 a7 bc 02 00 49 8b 3f 49 89 c4
0x0000000121cce2ef:   48 8b 35 f2 25 06 00 30 c0 e8 f5 bd 02 00 48 85 

Register to memory mapping:

RAX=0x00000000ffffffff is an unknown value
RBX=0x0000000000000002 is an unknown value
RCX=0x0000000000000047 is an unknown value
RDX=0x0000000121cefd8c: Java_sun_java2d_opengl_OGLRenderQueue_flushBuffer+0xb5c in /Library/Java/JavaVirtualMachines/jdk1.8.0_161.jdk/Contents/Home/jre/lib/libawt_lwawt.dylib at 0x0000000121cb2000
RSP=0x000070000ace7720 is pointing into the stack for thread: 0x00007f9149b6c800
RBP=0x000070000ace7740 is pointing into the stack for thread: 0x00007f9149b6c800
RSI=0x00007f914b5f0680 is an unknown value
RDI=0x00007f9149b6c9f8 is an unknown value
R8 =0x0000000000000f9d is an unknown value
R9 =0xffffffff00000000 is an unknown value
R10=0x000000010afd3eb8 is at entry_point+56 in (nmethod*)0x000000010afd3d10
R11=0x00007f91487d5848 is an unknown value
R12=0x0000000000000000 is an unknown value
R13=0x000000010a6b4254 is at entry_point+212 in (nmethod*)0x000000010a6b4010
R14=0x00007f9149b6c9f8 is an unknown value
R15=0x00007f9149b6c800 is a thread


Stack: [0x000070000abe8000,0x000070000ace8000],  sp=0x000070000ace7720,  free space=1021k
Native frames: (J=compiled Java code, j=interpreted, Vv=VM code, C=native code)
C  [libawt_lwawt.dylib+0x1c2df]  OGLSD_SetScratchSurface+0x49
C  [libawt_lwawt.dylib+0x3d86a]  Java_sun_java2d_opengl_OGLRenderQueue_flushBuffer+0x63a
J 4060  sun.java2d.opengl.OGLRenderQueue.flushBuffer(JI)V (0 bytes) @ 0x000000010afd3f2a [0x000000010afd3e80+0xaa]
J 4302 C1 sun.java2d.opengl.OGLRenderQueue.flushBuffer()V (41 bytes) @ 0x000000010a8ac3fc [0x000000010a8ac1a0+0x25c]
J 5796% C1 sun.java2d.opengl.OGLRenderQueue$QueueFlusher.run()V (234 bytes) @ 0x000000010af8b224 [0x000000010af8a860+0x9c4]
v  ~StubRoutines::call_stub
V  [libjvm.dylib+0x2ef9aa]
V  [libjvm.dylib+0x2f014e]
V  [libjvm.dylib+0x2f02fa]
V  [libjvm.dylib+0x34aae5]
V  [libjvm.dylib+0x56edef]
V  [libjvm.dylib+0x5704ea]
V  [libjvm.dylib+0x48d83a]
C  [libsystem_pthread.dylib+0x3661]  _pthread_body+0x154
C  [libsystem_pthread.dylib+0x350d]  _pthread_body+0x0
C  [libsystem_pthread.dylib+0x2bf9]  thread_start+0xd
C  0x0000000000000000

Java frames: (J=compiled Java code, j=interpreted, Vv=VM code)
J 4060  sun.java2d.opengl.OGLRenderQueue.flushBuffer(JI)V (0 bytes) @ 0x000000010afd3eb8 [0x000000010afd3e80+0x38]
J 4302 C1 sun.java2d.opengl.OGLRenderQueue.flushBuffer()V (41 bytes) @ 0x000000010a8ac3fc [0x000000010a8ac1a0+0x25c]
J 5796% C1 sun.java2d.opengl.OGLRenderQueue$QueueFlusher.run()V (234 bytes) @ 0x000000010af8b224 [0x000000010af8a860+0x9c4]
v  ~StubRoutines::call_stub

---------------  P R O C E S S  ---------------

Java Threads: ( => current thread )
  0x00007f9149ad2800 JavaThread "pool-1-thread-1" [_thread_blocked, id=40743, stack(0x000070000af77000,0x000070000b077000)]
  0x00007f9148b33000 JavaThread "TimerQueue" daemon [_thread_blocked, id=73479, stack(0x000070000b509000,0x000070000b609000)]
  0x00007f914c3a1800 JavaThread "DestroyJavaVM" [_thread_blocked, id=9987, stack(0x0000700009ab2000,0x0000700009bb2000)]
  0x00007f914c850000 JavaThread "AWT-EventQueue-0" [_thread_blocked, id=77319, stack(0x000070000b17d000,0x000070000b27d000)]
  0x00007f9148deb000 JavaThread "Java2D Disposer" daemon [_thread_blocked, id=55311, stack(0x000070000b07a000,0x000070000b17a000)]
  0x00007f914a8bc000 JavaThread "AWT-Shutdown" [_thread_blocked, id=79127, stack(0x000070000ae74000,0x000070000af74000)]
=>0x00007f9149b6c800 JavaThread "Java2D Queue Flusher" daemon [_thread_in_native, id=85635, stack(0x000070000abe8000,0x000070000ace8000)]
  0x00007f9149ae9000 JavaThread "AppKit Thread" daemon [_thread_in_native, id=775, stack(0x00007ffeec7b2000,0x00007ffeecfb2000)]
  0x00007f9149ada000 JavaThread "Timer-0" daemon [_thread_blocked, id=16131, stack(0x000070000a9df000,0x000070000aadf000)]
  0x00007f9149313800 JavaThread "Service Thread" daemon [_thread_blocked, id=16899, stack(0x000070000a7d9000,0x000070000a8d9000)]
  0x00007f9149a37800 JavaThread "C1 CompilerThread2" daemon [_thread_blocked, id=13827, stack(0x000070000a6d6000,0x000070000a7d6000)]
  0x00007f9149a37000 JavaThread "C2 CompilerThread1" daemon [_thread_blocked, id=17411, stack(0x000070000a5d3000,0x000070000a6d3000)]
  0x00007f9149a36000 JavaThread "C2 CompilerThread0" daemon [_thread_blocked, id=13315, stack(0x000070000a4d0000,0x000070000a5d0000)]
  0x00007f914a3af800 JavaThread "Monitor Ctrl-Break" daemon [_thread_in_native, id=13059, stack(0x000070000a3cd000,0x000070000a4cd000)]
  0x00007f914880f800 JavaThread "Signal Dispatcher" daemon [_thread_blocked, id=18439, stack(0x000070000a2ca000,0x000070000a3ca000)]
  0x00007f914a012000 JavaThread "Finalizer" daemon [_thread_blocked, id=20739, stack(0x000070000a1c7000,0x000070000a2c7000)]
  0x00007f9149807000 JavaThread "Reference Handler" daemon [_thread_blocked, id=11779, stack(0x000070000a0c4000,0x000070000a1c4000)]

Other Threads:
  0x00007f9149036800 VMThread [stack: 0x0000700009fc1000,0x000070000a0c1000] [id=11267]
  0x00007f914a421800 WatcherThread [stack: 0x000070000a8dc000,0x000070000a9dc000] [id=16387]

VM state:not at safepoint (normal execution)

VM Mutex/Monitor currently owned by a thread: None

Heap:
 PSYoungGen      total 342528K, used 68914K [0x000000076ab00000, 0x0000000786d80000, 0x00000007c0000000)
  eden space 238080K, 3% used [0x000000076ab00000,0x000000076b29bc98,0x0000000779380000)
  from space 104448K, 58% used [0x0000000780780000,0x0000000784330d28,0x0000000786d80000)
  to   space 111616K, 0% used [0x0000000779380000,0x0000000779380000,0x0000000780080000)
 ParOldGen       total 477696K, used 305586K [0x00000006c0000000, 0x00000006dd280000, 0x000000076ab00000)
  object space 477696K, 63% used [0x00000006c0000000,0x00000006d2a6c850,0x00000006dd280000)
 Metaspace       used 43801K, capacity 44585K, committed 44760K, reserved 1087488K
  class space    used 6917K, capacity 7113K, committed 7168K, reserved 1048576K

Card table byte_map: [0x000000010496e000,0x000000010516f000] byte_map_base: 0x000000010136e000

Marking Bits: (ParMarkBitMap*) 0x0000000103ef76c0
 Begin Bits: [0x000000011950d000, 0x000000011d50d000)
 End Bits:   [0x000000011d50d000, 0x000000012150d000)

Polling page: 0x0000000102ccb000

CodeCache: size=245760Kb used=15639Kb max_used=15902Kb free=230120Kb
 bounds [0x000000010a50d000, 0x000000010b4dd000, 0x000000011950d000]
 total_blobs=5421 nmethods=4706 adapters=626
 compilation: enabled

Compilation events (10 events):
Event: 9495.251 Thread 0x00007f9149a37800 5880       3       java.util.concurrent.ConcurrentHashMap$Traverser::<init> (36 bytes)
Event: 9495.252 Thread 0x00007f9149a37800 nmethod 5880 0x000000010b0ca3d0 code [0x000000010b0ca540, 0x000000010b0ca730]
Event: 9495.279 Thread 0x00007f9149a37800 5881       3       java.util.concurrent.ConcurrentHashMap$ValuesView::iterator (34 bytes)
Event: 9495.280 Thread 0x00007f9149a37800 nmethod 5881 0x000000010b4a3e50 code [0x000000010b4a3fe0, 0x000000010b4a43f8]
Event: 9495.319 Thread 0x00007f9149a37000 5882       4       java.awt.image.SinglePixelPackedSampleModel::<init> (277 bytes)
Event: 9495.332 Thread 0x00007f9149a37800 5883       3       javax.swing.text.SegmentCache::getSharedSegment (7 bytes)
Event: 9495.332 Thread 0x00007f9149a37800 nmethod 5883 0x000000010b188790 code [0x000000010b188900, 0x000000010b188ae8]
Event: 9495.332 Thread 0x00007f9149a37800 5884       3       javax.swing.text.SegmentCache::releaseSharedSegment (8 bytes)
Event: 9495.332 Thread 0x00007f9149a37800 nmethod 5884 0x000000010b188350 code [0x000000010b1884c0, 0x000000010b1886a8]
Event: 9495.334 Thread 0x00007f9149a37000 nmethod 5882 0x000000010b187650 code [0x000000010b1877e0, 0x000000010b187e78]

GC Heap History (10 events):
Event: 920.431 GC heap before
{Heap before GC invocations=11 (full 2):
 PSYoungGen      total 264704K, used 260757K [0x000000076ab00000, 0x0000000783600000, 0x00000007c0000000)
  eden space 225280K, 98% used [0x000000076ab00000,0x0000000778329c48,0x0000000778700000)
  from space 39424K, 99% used [0x000000077d200000,0x000000077f87b8e8,0x000000077f880000)
  to   space 76800K, 0% used [0x0000000778700000,0x0000000778700000,0x000000077d200000)
 ParOldGen       total 181760K, used 114295K [0x00000006c0000000, 0x00000006cb180000, 0x000000076ab00000)
  object space 181760K, 62% used [0x00000006c0000000,0x00000006c6f9ddb8,0x00000006cb180000)
 Metaspace       used 43588K, capacity 44341K, committed 44760K, reserved 1087488K
  class space    used 6905K, capacity 7079K, committed 7168K, reserved 1048576K
Event: 920.509 GC heap after
Heap after GC invocations=11 (full 2):
 PSYoungGen      total 295424K, used 70460K [0x000000076ab00000, 0x0000000782c80000, 0x00000007c0000000)
  eden space 218624K, 0% used [0x000000076ab00000,0x000000076ab00000,0x0000000778080000)
  from space 76800K, 91% used [0x0000000778700000,0x000000077cbcf380,0x000000077d200000)
  to   space 88064K, 0% used [0x000000077d680000,0x000000077d680000,0x0000000782c80000)
 ParOldGen       total 302080K, used 301992K [0x00000006c0000000, 0x00000006d2700000, 0x000000076ab00000)
  object space 302080K, 99% used [0x00000006c0000000,0x00000006d26ea068,0x00000006d2700000)
 Metaspace       used 43588K, capacity 44341K, committed 44760K, reserved 1087488K
  class space    used 6905K, capacity 7079K, committed 7168K, reserved 1048576K
}
Event: 920.509 GC heap before
{Heap before GC invocations=12 (full 3):
 PSYoungGen      total 295424K, used 70460K [0x000000076ab00000, 0x0000000782c80000, 0x00000007c0000000)
  eden space 218624K, 0% used [0x000000076ab00000,0x000000076ab00000,0x0000000778080000)
  from space 76800K, 91% used [0x0000000778700000,0x000000077cbcf380,0x000000077d200000)
  to   space 88064K, 0% used [0x000000077d680000,0x000000077d680000,0x0000000782c80000)
 ParOldGen       total 302080K, used 301992K [0x00000006c0000000, 0x00000006d2700000, 0x000000076ab00000)
  object space 302080K, 99% used [0x00000006c0000000,0x00000006d26ea068,0x00000006d2700000)
 Metaspace       used 43588K, capacity 44341K, committed 44760K, reserved 1087488K
  class space    used 6905K, capacity 7079K, committed 7168K, reserved 1048576K
Event: 920.697 GC heap after
Heap after GC invocations=12 (full 3):
 PSYoungGen      total 295424K, used 0K [0x000000076ab00000, 0x0000000782c80000, 0x00000007c0000000)
  eden space 218624K, 0% used [0x000000076ab00000,0x000000076ab00000,0x0000000778080000)
  from space 76800K, 0% used [0x0000000778700000,0x0000000778700000,0x000000077d200000)
  to   space 88064K, 0% used [0x000000077d680000,0x000000077d680000,0x0000000782c80000)
 ParOldGen       total 477696K, used 149711K [0x00000006c0000000, 0x00000006dd280000, 0x000000076ab00000)
  object space 477696K, 31% used [0x00000006c0000000,0x00000006c9233eb0,0x00000006dd280000)
 Metaspace       used 43588K, capacity 44341K, committed 44760K, reserved 1087488K
  class space    used 6905K, capacity 7079K, committed 7168K, reserved 1048576K
}
Event: 4489.048 GC heap before
{Heap before GC invocations=13 (full 3):
 PSYoungGen      total 295424K, used 196510K [0x000000076ab00000, 0x0000000782c80000, 0x00000007c0000000)
  eden space 218624K, 89% used [0x000000076ab00000,0x0000000776ae7bb8,0x0000000778080000)
  from space 76800K, 0% used [0x0000000778700000,0x0000000778700000,0x000000077d200000)
  to   space 88064K, 0% used [0x000000077d680000,0x000000077d680000,0x0000000782c80000)
 ParOldGen       total 477696K, used 149711K [0x00000006c0000000, 0x00000006dd280000, 0x000000076ab00000)
  object space 477696K, 31% used [0x00000006c0000000,0x00000006c9233eb0,0x00000006dd280000)
 Metaspace       used 43695K, capacity 44521K, committed 44760K, reserved 1087488K
  class space    used 6915K, capacity 7113K, committed 7168K, reserved 1048576K
Event: 4489.198 GC heap after
Heap after GC invocations=13 (full 3):
 PSYoungGen      total 293888K, used 82433K [0x000000076ab00000, 0x0000000786d00000, 0x00000007c0000000)
  eden space 205824K, 0% used [0x000000076ab00000,0x000000076ab00000,0x0000000777400000)
  from space 88064K, 93% used [0x000000077d680000,0x0000000782700748,0x0000000782c80000)
  to   space 100864K, 0% used [0x0000000777400000,0x0000000777400000,0x000000077d680000)
 ParOldGen       total 477696K, used 187037K [0x00000006c0000000, 0x00000006dd280000, 0x000000076ab00000)
  object space 477696K, 39% used [0x00000006c0000000,0x00000006cb6a7790,0x00000006dd280000)
 Metaspace       used 43695K, capacity 44521K, committed 44760K, reserved 1087488K
  class space    used 6915K, capacity 7113K, committed 7168K, reserved 1048576K
}
Event: 4517.749 GC heap before
{Heap before GC invocations=14 (full 3):
 PSYoungGen      total 293888K, used 279269K [0x000000076ab00000, 0x0000000786d00000, 0x00000007c0000000)
  eden space 205824K, 95% used [0x000000076ab00000,0x0000000776b38f48,0x0000000777400000)
  from space 88064K, 93% used [0x000000077d680000,0x0000000782700748,0x0000000782c80000)
  to   space 100864K, 0% used [0x0000000777400000,0x0000000777400000,0x000000077d680000)
 ParOldGen       total 477696K, used 187037K [0x00000006c0000000, 0x00000006dd280000, 0x000000076ab00000)
  object space 477696K, 39% used [0x00000006c0000000,0x00000006cb6a7790,0x00000006dd280000)
 Metaspace       used 43706K, capacity 44521K, committed 44760K, reserved 1087488K
  class space    used 6915K, capacity 7113K, committed 7168K, reserved 1048576K
Event: 4517.993 GC heap after
Heap after GC invocations=14 (full 3):
 PSYoungGen      total 306688K, used 85961K [0x000000076ab00000, 0x0000000787480000, 0x00000007c0000000)
  eden space 205824K, 0% used [0x000000076ab00000,0x000000076ab00000,0x0000000777400000)
  from space 100864K, 85% used [0x0000000777400000,0x000000077c7f2658,0x000000077d680000)
  to   space 111616K, 0% used [0x0000000780780000,0x0000000780780000,0x0000000787480000)
 ParOldGen       total 477696K, used 305578K [0x00000006c0000000, 0x00000006dd280000, 0x000000076ab00000)
  object space 477696K, 63% used [0x00000006c0000000,0x00000006d2a6a850,0x00000006dd280000)
 Metaspace       used 43706K, capacity 44521K, committed 44760K, reserved 1087488K
  class space    used 6915K, capacity 7113K, committed 7168K, reserved 1048576K
}
Event: 9495.360 GC heap before
{Heap before GC invocations=15 (full 3):
 PSYoungGen      total 306688K, used 288849K [0x000000076ab00000, 0x0000000787480000, 0x00000007c0000000)
  eden space 205824K, 98% used [0x000000076ab00000,0x0000000777121f50,0x0000000777400000)
  from space 100864K, 85% used [0x0000000777400000,0x000000077c7f2658,0x000000077d680000)
  to   space 111616K, 0% used [0x0000000780780000,0x0000000780780000,0x0000000787480000)
 ParOldGen       total 477696K, used 305578K [0x00000006c0000000, 0x00000006dd280000, 0x000000076ab00000)
  object space 477696K, 63% used [0x00000006c0000000,0x00000006d2a6a850,0x00000006dd280000)
 Metaspace       used 43801K, capacity 44585K, committed 44760K, reserved 1087488K
  class space    used 6917K, capacity 7113K, committed 7168K, reserved 1048576K
Event: 9495.686 GC heap after
Heap after GC invocations=15 (full 3):
 PSYoungGen      total 342528K, used 61123K [0x000000076ab00000, 0x0000000786d80000, 0x00000007c0000000)
  eden space 238080K, 0% used [0x000000076ab00000,0x000000076ab00000,0x0000000779380000)
  from space 104448K, 58% used [0x0000000780780000,0x0000000784330d28,0x0000000786d80000)
  to   space 111616K, 0% used [0x0000000779380000,0x0000000779380000,0x0000000780080000)
 ParOldGen       total 477696K, used 305586K [0x00000006c0000000, 0x00000006dd280000, 0x000000076ab00000)
  object space 477696K, 63% used [0x00000006c0000000,0x00000006d2a6c850,0x00000006dd280000)
 Metaspace       used 43801K, capacity 44585K, committed 44760K, reserved 1087488K
  class space    used 6917K, capacity 7113K, committed 7168K, reserved 1048576K
}

Deoptimization events (10 events):
Event: 2005.950 Thread 0x00007f914c850000 Uncommon trap: reason=unstable_if action=reinterpret pc=0x000000010ac66df8 method=java.util.HashMap$HashIterator.<init>(Ljava/util/HashMap;)V @ 45
Event: 2006.038 Thread 0x00007f914c850000 Uncommon trap: reason=unstable_if action=reinterpret pc=0x000000010b0e90f0 method=java.text.DecimalFormat.subformat(Ljava/lang/StringBuffer;Ljava/text/Format$FieldDelegate;ZZIIII)Ljava/lang/StringBuffer; @ 753
Event: 4460.249 Thread 0x00007f914c850000 Uncommon trap: reason=unstable_if action=reinterpret pc=0x000000010acdb80c method=java.awt.KeyboardFocusManager.retargetFocusEvent(Ljava/awt/AWTEvent;)Ljava/awt/AWTEvent; @ 129
Event: 4522.015 Thread 0x00007f914c850000 Uncommon trap: reason=unstable_if action=reinterpret pc=0x000000010aac0b40 method=ij.CompositeImage.updateImage()V @ 764
Event: 4522.425 Thread 0x00007f914c850000 Uncommon trap: reason=unstable_if action=reinterpret pc=0x000000010b08ac90 method=ij.CompositeImage.updateImage()V @ 764
Event: 4524.648 Thread 0x00007f9149ba6000 Uncommon trap: reason=unstable_if action=reinterpret pc=0x000000010b1295d0 method=ij.process.ImageProcessor.updateComposite([II)V @ 433
Event: 4535.599 Thread 0x00007f9151840800 Uncommon trap: reason=unstable_if action=reinterpret pc=0x000000010a9babec method=ij.io.ImageWriter.write16BitImage(Ljava/io/OutputStream;[S)V @ 51
Event: 4544.020 Thread 0x00007f914c850000 Uncommon trap: reason=unstable_if action=reinterpret pc=0x000000010b235b24 method=sun.lwawt.LWCursorManager.findComponent(Ljava/awt/Point;)Ljava/awt/Component; @ 98
Event: 9448.507 Thread 0x00007f914c850000 Uncommon trap: reason=unstable_if action=reinterpret pc=0x000000010affe6c8 method=sun.java2d.SunGraphics2D.getCompClip()Lsun/java2d/pipe/Region; @ 7
Event: 9448.702 Thread 0x00007f914c850000 Uncommon trap: reason=unstable_if action=reinterpret pc=0x000000010aa43bb8 method=java.util.HashMap$HashIterator.<init>(Ljava/util/HashMap;)V @ 45

Classes redefined (0 events):
No events

Internal exceptions (10 events):
Event: 777.314 Thread 0x00007f9152018800 Exception <a 'java/lang/ClassCastException': java.awt.MenuItem cannot be cast to java.awt.CheckboxMenuItem> (0x00000007734866d0) thrown at [/Users/java_re/workspace/8-2-build-macosx-x86_64/jdk8u161/10277/hotspot/src/share/vm/interpreter/interpreterRuntime
Event: 899.357 Thread 0x00007f915333e800 Exception <a 'java/lang/ClassCastException': java.awt.MenuItem cannot be cast to java.awt.CheckboxMenuItem> (0x000000076dc84bf0) thrown at [/Users/java_re/workspace/8-2-build-macosx-x86_64/jdk8u161/10277/hotspot/src/share/vm/interpreter/interpreterRuntime
Event: 949.766 Thread 0x00007f914c850000 Implicit null exception at 0x000000010b1874df to 0x000000010b1884ad
Event: 4458.312 Thread 0x00007f9151abf000 Exception <a 'java/lang/ClassCastException': java.awt.MenuItem cannot be cast to java.awt.CheckboxMenuItem> (0x0000000772b8bd18) thrown at [/Users/java_re/workspace/8-2-build-macosx-x86_64/jdk8u161/10277/hotspot/src/share/vm/interpreter/interpreterRuntime
Event: 4458.314 Thread 0x00007f9151abf000 Exception <a 'java/lang/ClassCastException': java.awt.MenuItem cannot be cast to java.awt.CheckboxMenuItem> (0x0000000772b8c0e8) thrown at [/Users/java_re/workspace/8-2-build-macosx-x86_64/jdk8u161/10277/hotspot/src/share/vm/interpreter/interpreterRuntime
Event: 4461.416 Thread 0x00007f9149aa4800 Exception <a 'java/lang/ClassCastException': java.awt.MenuItem cannot be cast to java.awt.CheckboxMenuItem> (0x0000000773f0cca8) thrown at [/Users/java_re/workspace/8-2-build-macosx-x86_64/jdk8u161/10277/hotspot/src/share/vm/interpreter/interpreterRuntime
Event: 4489.323 Thread 0x00007f91496df800 Exception <a 'java/lang/ClassCastException': java.awt.MenuItem cannot be cast to java.awt.CheckboxMenuItem> (0x000000076dbe95e0) thrown at [/Users/java_re/workspace/8-2-build-macosx-x86_64/jdk8u161/10277/hotspot/src/share/vm/interpreter/interpreterRuntime
Event: 4541.019 Thread 0x00007f9149af1000 Exception <a 'java/lang/ClassCastException': java.awt.MenuItem cannot be cast to java.awt.CheckboxMenuItem> (0x0000000775262b70) thrown at [/Users/java_re/workspace/8-2-build-macosx-x86_64/jdk8u161/10277/hotspot/src/share/vm/interpreter/interpreterRuntime
Event: 4541.493 Thread 0x00007f914c850000 Exception <a 'java/lang/ClassCastException': java.awt.MenuItem cannot be cast to java.awt.CheckboxMenuItem> (0x000000077518bf90) thrown at [/Users/java_re/workspace/8-2-build-macosx-x86_64/jdk8u161/10277/hotspot/src/share/vm/interpreter/interpreterRuntime
Event: 4544.014 Thread 0x00007f9153083000 Exception <a 'java/lang/ClassCastException': java.awt.MenuItem cannot be cast to java.awt.CheckboxMenuItem> (0x0000000775559b48) thrown at [/Users/java_re/workspace/8-2-build-macosx-x86_64/jdk8u161/10277/hotspot/src/share/vm/interpreter/interpreterRuntime

Events (10 events):
Event: 9448.702 Thread 0x00007f914c850000 DEOPT PACKING pc=0x000000010aa43bb8 sp=0x000070000b27b900
Event: 9448.702 Thread 0x00007f914c850000 DEOPT UNPACKING pc=0x000000010a55273a sp=0x000070000b27b8c0 mode 2
Event: 9477.290 loading class sun/awt/image/BufferedImageDevice
Event: 9477.302 loading class sun/awt/image/BufferedImageDevice done
Event: 9495.319 Thread 0x00007f914c850000 DEOPT PACKING pc=0x000000010b09cfc7 sp=0x000070000b278d90
Event: 9495.319 Thread 0x00007f914c850000 DEOPT UNPACKING pc=0x000000010a554784 sp=0x000070000b278b18 mode 0
Event: 9495.359 Executing VM operation: ParallelGCFailedAllocation
Event: 9495.686 Executing VM operation: ParallelGCFailedAllocation done
Event: 9495.728 Executing VM operation: RevokeBias
Event: 9495.732 Executing VM operation: RevokeBias done


Dynamic libraries:
0x000000002d6c9000 	/System/Library/Frameworks/Cocoa.framework/Versions/A/Cocoa
0x000000002d6c9000 	/System/Library/Frameworks/Security.framework/Versions/A/Security
0x000000002d6c9000 	/System/Library/Frameworks/ApplicationServices.framework/Versions/A/ApplicationServices
0x000000002d6c9000 	/usr/lib/libz.1.dylib
0x000000002d6c9000 	/usr/lib/libSystem.B.dylib
0x000000002d6c9000 	/usr/lib/libobjc.A.dylib
0x000000002d6c9000 	/System/Library/Frameworks/CoreFoundation.framework/Versions/A/CoreFoundation
0x000000002d6c9000 	/System/Library/Frameworks/Foundation.framework/Versions/C/Foundation
0x000000002d6c9000 	/System/Library/Frameworks/AppKit.framework/Versions/C/AppKit
0x000000002d6c9000 	/System/Library/Frameworks/CoreData.framework/Versions/A/CoreData
0x000000002d6c9000 	/System/Library/PrivateFrameworks/RemoteViewServices.framework/Versions/A/RemoteViewServices
0x000000002d6c9000 	/System/Library/PrivateFrameworks/UIFoundation.framework/Versions/A/UIFoundation
0x000000002d6c9000 	/System/Library/PrivateFrameworks/DFRFoundation.framework/Versions/A/DFRFoundation
0x000000002d6c9000 	/System/Library/Frameworks/Metal.framework/Versions/A/Metal
0x000000002d6c9000 	/System/Library/PrivateFrameworks/DesktopServicesPriv.framework/Versions/A/DesktopServicesPriv
0x000000002d6c9000 	/usr/lib/libenergytrace.dylib
0x000000002d6c9000 	/System/Library/PrivateFrameworks/SkyLight.framework/Versions/A/SkyLight
0x000000002d6c9000 	/System/Library/Frameworks/CoreGraphics.framework/Versions/A/CoreGraphics
0x000000002d6c9000 	/usr/lib/libScreenReader.dylib
0x000000002d6c9000 	/System/Library/Frameworks/Accelerate.framework/Versions/A/Accelerate
0x000000002d6c9000 	/System/Library/Frameworks/IOSurface.framework/Versions/A/IOSurface
0x000000002d6c9000 	/System/Library/Frameworks/AudioToolbox.framework/Versions/A/AudioToolbox
0x000000002d6c9000 	/System/Library/Frameworks/AudioUnit.framework/Versions/A/AudioUnit
0x000000002d6c9000 	/System/Library/PrivateFrameworks/DataDetectorsCore.framework/Versions/A/DataDetectorsCore
0x000000002d6c9000 	/System/Library/Frameworks/Carbon.framework/Versions/A/Frameworks/HIToolbox.framework/Versions/A/HIToolbox
0x000000002d6c9000 	/usr/lib/libicucore.A.dylib
0x000000002d6c9000 	/System/Library/Frameworks/QuartzCore.framework/Versions/A/QuartzCore
0x000000002d6c9000 	/System/Library/PrivateFrameworks/SignpostNotification.framework/Versions/A/SignpostNotification
0x000000002d6c9000 	/System/Library/Frameworks/Carbon.framework/Versions/A/Frameworks/SpeechRecognition.framework/Versions/A/SpeechRecognition
0x000000002d6c9000 	/usr/lib/libauto.dylib
0x000000002d6c9000 	/usr/lib/libxml2.2.dylib
0x000000002d6c9000 	/System/Library/PrivateFrameworks/CoreUI.framework/Versions/A/CoreUI
0x000000002d6c9000 	/System/Library/Frameworks/CoreAudio.framework/Versions/A/CoreAudio
0x000000002d6c9000 	/System/Library/Frameworks/DiskArbitration.framework/Versions/A/DiskArbitration
0x000000002d6c9000 	/usr/lib/liblangid.dylib
0x000000002d6c9000 	/System/Library/PrivateFrameworks/MultitouchSupport.framework/Versions/A/MultitouchSupport
0x000000002d6c9000 	/System/Library/Frameworks/IOKit.framework/Versions/A/IOKit
0x000000002d6c9000 	/usr/lib/libDiagnosticMessagesClient.dylib
0x000000002d6c9000 	/System/Library/Frameworks/CoreServices.framework/Versions/A/CoreServices
0x000000002d6c9000 	/System/Library/PrivateFrameworks/PerformanceAnalysis.framework/Versions/A/PerformanceAnalysis
0x000000002d6c9000 	/System/Library/Frameworks/OpenGL.framework/Versions/A/OpenGL
0x000000002d6c9000 	/System/Library/Frameworks/ColorSync.framework/Versions/A/ColorSync
0x000000002d6c9000 	/System/Library/Frameworks/CoreImage.framework/Versions/A/CoreImage
0x000000002d6c9000 	/System/Library/Frameworks/CoreText.framework/Versions/A/CoreText
0x000000002d6c9000 	/System/Library/Frameworks/ImageIO.framework/Versions/A/ImageIO
0x000000002d6c9000 	/System/Library/PrivateFrameworks/Backup.framework/Versions/A/Backup
0x000000002d6c9000 	/usr/lib/libarchive.2.dylib
0x000000002d6c9000 	/System/Library/Frameworks/CFNetwork.framework/Versions/A/CFNetwork
0x000000002d6c9000 	/System/Library/Frameworks/SystemConfiguration.framework/Versions/A/SystemConfiguration
0x000000002d6c9000 	/usr/lib/libCRFSuite.dylib
0x000000002d6c9000 	/usr/lib/libc++.1.dylib
0x000000002d6c9000 	/usr/lib/libc++abi.dylib
0x000000002d6c9000 	/usr/lib/system/libcache.dylib
0x000000002d6c9000 	/usr/lib/system/libcommonCrypto.dylib
0x000000002d6c9000 	/usr/lib/system/libcompiler_rt.dylib
0x000000002d6c9000 	/usr/lib/system/libcopyfile.dylib
0x000000002d6c9000 	/usr/lib/system/libcorecrypto.dylib
0x000000002d6c9000 	/usr/lib/system/libdispatch.dylib
0x000000002d6c9000 	/usr/lib/system/libdyld.dylib
0x000000002d6c9000 	/usr/lib/system/libkeymgr.dylib
0x000000002d6c9000 	/usr/lib/system/liblaunch.dylib
0x000000002d6c9000 	/usr/lib/system/libmacho.dylib
0x000000002d6c9000 	/usr/lib/system/libquarantine.dylib
0x000000002d6c9000 	/usr/lib/system/libremovefile.dylib
0x000000002d6c9000 	/usr/lib/system/libsystem_asl.dylib
0x000000002d6c9000 	/usr/lib/system/libsystem_blocks.dylib
0x000000002d6c9000 	/usr/lib/system/libsystem_c.dylib
0x000000002d6c9000 	/usr/lib/system/libsystem_configuration.dylib
0x000000002d6c9000 	/usr/lib/system/libsystem_coreservices.dylib
0x000000002d6c9000 	/usr/lib/system/libsystem_darwin.dylib
0x000000002d6c9000 	/usr/lib/system/libsystem_dnssd.dylib
0x000000002d6c9000 	/usr/lib/system/libsystem_info.dylib
0x000000002d6c9000 	/usr/lib/system/libsystem_m.dylib
0x000000002d6c9000 	/usr/lib/system/libsystem_malloc.dylib
0x000000002d6c9000 	/usr/lib/system/libsystem_network.dylib
0x000000002d6c9000 	/usr/lib/system/libsystem_networkextension.dylib
0x000000002d6c9000 	/usr/lib/system/libsystem_notify.dylib
0x000000002d6c9000 	/usr/lib/system/libsystem_sandbox.dylib
0x000000002d6c9000 	/usr/lib/system/libsystem_secinit.dylib
0x000000002d6c9000 	/usr/lib/system/libsystem_kernel.dylib
0x000000002d6c9000 	/usr/lib/system/libsystem_platform.dylib
0x000000002d6c9000 	/usr/lib/system/libsystem_pthread.dylib
0x000000002d6c9000 	/usr/lib/system/libsystem_symptoms.dylib
0x000000002d6c9000 	/usr/lib/system/libsystem_trace.dylib
0x000000002d6c9000 	/usr/lib/system/libunwind.dylib
0x000000002d6c9000 	/usr/lib/system/libxpc.dylib
0x000000002d6c9000 	/usr/lib/closure/libclosured.dylib
0x000000002d6c9000 	/usr/lib/libbsm.0.dylib
0x000000002d6c9000 	/usr/lib/system/libkxld.dylib
0x000000002d6c9000 	/usr/lib/libOpenScriptingUtil.dylib
0x000000002d6c9000 	/usr/lib/libcoretls.dylib
0x000000002d6c9000 	/usr/lib/libcoretls_cfhelpers.dylib
0x000000002d6c9000 	/usr/lib/libpam.2.dylib
0x000000002d6c9000 	/usr/lib/libsqlite3.dylib
0x000000002d6c9000 	/usr/lib/libxar.1.dylib
0x000000002d6c9000 	/usr/lib/libbz2.1.0.dylib
0x000000002d6c9000 	/usr/lib/liblzma.5.dylib
0x000000002d6c9000 	/usr/lib/libnetwork.dylib
0x000000002d6c9000 	/usr/lib/libapple_nghttp2.dylib
0x000000002d6c9000 	/usr/lib/libpcap.A.dylib
0x000000002d6c9000 	/usr/lib/libboringssl.dylib
0x000000002d6c9000 	/usr/lib/libusrtcp.dylib
0x000000002d6c9000 	/usr/lib/libapple_crypto.dylib
0x000000002d6c9000 	/System/Library/Frameworks/CoreServices.framework/Versions/A/Frameworks/FSEvents.framework/Versions/A/FSEvents
0x000000002d6c9000 	/System/Library/Frameworks/CoreServices.framework/Versions/A/Frameworks/CarbonCore.framework/Versions/A/CarbonCore
0x000000002d6c9000 	/System/Library/Frameworks/CoreServices.framework/Versions/A/Frameworks/Metadata.framework/Versions/A/Metadata
0x000000002d6c9000 	/System/Library/Frameworks/CoreServices.framework/Versions/A/Frameworks/OSServices.framework/Versions/A/OSServices
0x000000002d6c9000 	/System/Library/Frameworks/CoreServices.framework/Versions/A/Frameworks/SearchKit.framework/Versions/A/SearchKit
0x000000002d6c9000 	/System/Library/Frameworks/CoreServices.framework/Versions/A/Frameworks/AE.framework/Versions/A/AE
0x000000002d6c9000 	/System/Library/Frameworks/CoreServices.framework/Versions/A/Frameworks/LaunchServices.framework/Versions/A/LaunchServices
0x000000002d6c9000 	/System/Library/Frameworks/CoreServices.framework/Versions/A/Frameworks/DictionaryServices.framework/Versions/A/DictionaryServices
0x000000002d6c9000 	/System/Library/Frameworks/CoreServices.framework/Versions/A/Frameworks/SharedFileList.framework/Versions/A/SharedFileList
0x000000002d6c9000 	/System/Library/Frameworks/NetFS.framework/Versions/A/NetFS
0x000000002d6c9000 	/System/Library/PrivateFrameworks/NetAuth.framework/Versions/A/NetAuth
0x000000002d6c9000 	/System/Library/PrivateFrameworks/login.framework/Versions/A/Frameworks/loginsupport.framework/Versions/A/loginsupport
0x000000002d6c9000 	/System/Library/PrivateFrameworks/TCC.framework/Versions/A/TCC
0x000000002d6c9000 	/usr/lib/libmecabra.dylib
0x000000002d6c9000 	/System/Library/Frameworks/ApplicationServices.framework/Versions/A/Frameworks/ATS.framework/Versions/A/ATS
0x000000002d6c9000 	/System/Library/Frameworks/ApplicationServices.framework/Versions/A/Frameworks/ColorSyncLegacy.framework/Versions/A/ColorSyncLegacy
0x000000002d6c9000 	/System/Library/Frameworks/ApplicationServices.framework/Versions/A/Frameworks/HIServices.framework/Versions/A/HIServices
0x000000002d6c9000 	/System/Library/Frameworks/ApplicationServices.framework/Versions/A/Frameworks/LangAnalysis.framework/Versions/A/LangAnalysis
0x000000002d6c9000 	/System/Library/Frameworks/ApplicationServices.framework/Versions/A/Frameworks/PrintCore.framework/Versions/A/PrintCore
0x000000002d6c9000 	/System/Library/Frameworks/ApplicationServices.framework/Versions/A/Frameworks/QD.framework/Versions/A/QD
0x000000002d6c9000 	/System/Library/Frameworks/ApplicationServices.framework/Versions/A/Frameworks/SpeechSynthesis.framework/Versions/A/SpeechSynthesis
0x000000002d6c9000 	/System/Library/Frameworks/CoreDisplay.framework/Versions/A/CoreDisplay
0x000000002d6c9000 	/System/Library/Frameworks/Accelerate.framework/Versions/A/Frameworks/vImage.framework/Versions/A/vImage
0x000000002d6c9000 	/System/Library/Frameworks/Accelerate.framework/Versions/A/Frameworks/vecLib.framework/Versions/A/vecLib
0x000000002d6c9000 	/System/Library/Frameworks/Accelerate.framework/Versions/A/Frameworks/vecLib.framework/Versions/A/libvDSP.dylib
0x000000002d6c9000 	/System/Library/Frameworks/Accelerate.framework/Versions/A/Frameworks/vecLib.framework/Versions/A/libBNNS.dylib
0x000000002d6c9000 	/System/Library/Frameworks/Accelerate.framework/Versions/A/Frameworks/vecLib.framework/Versions/A/libQuadrature.dylib
0x000000002d6c9000 	/System/Library/Frameworks/Accelerate.framework/Versions/A/Frameworks/vecLib.framework/Versions/A/libvMisc.dylib
0x000000002d6c9000 	/System/Library/Frameworks/Accelerate.framework/Versions/A/Frameworks/vecLib.framework/Versions/A/libLAPACK.dylib
0x000000002d6c9000 	/System/Library/Frameworks/Accelerate.framework/Versions/A/Frameworks/vecLib.framework/Versions/A/libBLAS.dylib
0x000000002d6c9000 	/System/Library/Frameworks/Accelerate.framework/Versions/A/Frameworks/vecLib.framework/Versions/A/libLinearAlgebra.dylib
0x000000002d6c9000 	/System/Library/Frameworks/Accelerate.framework/Versions/A/Frameworks/vecLib.framework/Versions/A/libSparse.dylib
0x000000002d6c9000 	/System/Library/Frameworks/Accelerate.framework/Versions/A/Frameworks/vecLib.framework/Versions/A/libSparseBLAS.dylib
0x000000002d6c9000 	/System/Library/PrivateFrameworks/GPUWrangler.framework/Versions/A/GPUWrangler
0x000000002d6c9000 	/System/Library/PrivateFrameworks/IOAccelerator.framework/Versions/A/IOAccelerator
0x000000002d6c9000 	/System/Library/PrivateFrameworks/IOPresentment.framework/Versions/A/IOPresentment
0x000000002d6c9000 	/System/Library/PrivateFrameworks/DSExternalDisplay.framework/Versions/A/DSExternalDisplay
0x000000002d6c9000 	/System/Library/Frameworks/OpenGL.framework/Versions/A/Libraries/libCoreFSCache.dylib
0x000000002d6c9000 	/System/Library/Frameworks/CoreVideo.framework/Versions/A/CoreVideo
0x000000002d6c9000 	/System/Library/PrivateFrameworks/GraphVisualizer.framework/Versions/A/GraphVisualizer
0x000000002d6c9000 	/System/Library/Frameworks/MetalPerformanceShaders.framework/Versions/A/MetalPerformanceShaders
0x000000002d6c9000 	/usr/lib/libFosl_dynamic.dylib
0x000000002d6c9000 	/System/Library/PrivateFrameworks/FaceCore.framework/Versions/A/FaceCore
0x000000002d6c9000 	/System/Library/Frameworks/OpenCL.framework/Versions/A/OpenCL
0x000000002d6c9000 	/usr/lib/libcompression.dylib
0x000000002d6c9000 	/System/Library/Frameworks/ApplicationServices.framework/Versions/A/Frameworks/ATS.framework/Versions/A/Resources/libFontParser.dylib
0x000000002d6c9000 	/System/Library/Frameworks/ApplicationServices.framework/Versions/A/Frameworks/ATS.framework/Versions/A/Resources/libFontRegistry.dylib
0x000000002d6c9000 	/System/Library/Frameworks/ImageIO.framework/Versions/A/Resources/libJPEG.dylib
0x000000002d6c9000 	/System/Library/Frameworks/ImageIO.framework/Versions/A/Resources/libTIFF.dylib
0x000000002d6c9000 	/System/Library/Frameworks/ImageIO.framework/Versions/A/Resources/libPng.dylib
0x000000002d6c9000 	/System/Library/Frameworks/ImageIO.framework/Versions/A/Resources/libGIF.dylib
0x000000002d6c9000 	/System/Library/Frameworks/ImageIO.framework/Versions/A/Resources/libJP2.dylib
0x000000002d6c9000 	/System/Library/Frameworks/ImageIO.framework/Versions/A/Resources/libRadiance.dylib
0x000000002d6c9000 	/System/Library/PrivateFrameworks/AppleJPEG.framework/Versions/A/AppleJPEG
0x000000002d6c9000 	/System/Library/Frameworks/MetalPerformanceShaders.framework/Frameworks/MPSCore.framework/Versions/A/MPSCore
0x000000002d6c9000 	/System/Library/Frameworks/MetalPerformanceShaders.framework/Frameworks/MPSImage.framework/Versions/A/MPSImage
0x000000002d6c9000 	/System/Library/Frameworks/MetalPerformanceShaders.framework/Frameworks/MPSNeuralNetwork.framework/Versions/A/MPSNeuralNetwork
0x000000002d6c9000 	/System/Library/Frameworks/MetalPerformanceShaders.framework/Frameworks/MPSMatrix.framework/Versions/A/MPSMatrix
0x000000002d6c9000 	/System/Library/PrivateFrameworks/MetalTools.framework/Versions/A/MetalTools
0x000000002d6c9000 	/System/Library/Frameworks/OpenGL.framework/Versions/A/Libraries/libGLU.dylib
0x000000002d6c9000 	/System/Library/Frameworks/OpenGL.framework/Versions/A/Libraries/libGFXShared.dylib
0x000000002d6c9000 	/System/Library/Frameworks/OpenGL.framework/Versions/A/Libraries/libGL.dylib
0x000000002d6c9000 	/System/Library/Frameworks/OpenGL.framework/Versions/A/Libraries/libGLImage.dylib
0x000000002d6c9000 	/System/Library/Frameworks/OpenGL.framework/Versions/A/Libraries/libCVMSPluginSupport.dylib
0x000000002d6c9000 	/System/Library/Frameworks/OpenGL.framework/Versions/A/Libraries/libCoreVMClient.dylib
0x000000002d6c9000 	/usr/lib/libcups.2.dylib
0x000000002d6c9000 	/System/Library/Frameworks/Kerberos.framework/Versions/A/Kerberos
0x000000002d6c9000 	/System/Library/Frameworks/GSS.framework/Versions/A/GSS
0x000000002d6c9000 	/usr/lib/libresolv.9.dylib
0x000000002d6c9000 	/usr/lib/libiconv.2.dylib
0x000000002d6c9000 	/System/Library/PrivateFrameworks/Heimdal.framework/Versions/A/Heimdal
0x000000002d6c9000 	/usr/lib/libheimdal-asn1.dylib
0x000000002d6c9000 	/System/Library/Frameworks/OpenDirectory.framework/Versions/A/OpenDirectory
0x000000002d6c9000 	/System/Library/PrivateFrameworks/CommonAuth.framework/Versions/A/CommonAuth
0x000000002d6c9000 	/System/Library/Frameworks/OpenDirectory.framework/Versions/A/Frameworks/CFOpenDirectory.framework/Versions/A/CFOpenDirectory
0x000000002d6c9000 	/System/Library/Frameworks/SecurityFoundation.framework/Versions/A/SecurityFoundation
0x000000002d6c9000 	/System/Library/PrivateFrameworks/APFS.framework/Versions/A/APFS
0x000000002d6c9000 	/usr/lib/libutil.dylib
0x000000002d6c9000 	/System/Library/PrivateFrameworks/AppleSauce.framework/Versions/A/AppleSauce
0x000000002d6c9000 	/System/Library/PrivateFrameworks/LinguisticData.framework/Versions/A/LinguisticData
0x000000002d6c9000 	/usr/lib/libmarisa.dylib
0x000000002d6c9000 	/System/Library/PrivateFrameworks/Lexicon.framework/Versions/A/Lexicon
0x000000002d6c9000 	/usr/lib/libChineseTokenizer.dylib
0x000000002d6c9000 	/usr/lib/libcmph.dylib
0x000000002d6c9000 	/System/Library/PrivateFrameworks/LanguageModeling.framework/Versions/A/LanguageModeling
0x000000002d6c9000 	/System/Library/PrivateFrameworks/CoreEmoji.framework/Versions/A/CoreEmoji
0x000000002d6c9000 	/System/Library/Frameworks/ServiceManagement.framework/Versions/A/ServiceManagement
0x000000002d6c9000 	/System/Library/PrivateFrameworks/BackgroundTaskManagement.framework/Versions/A/BackgroundTaskManagement
0x000000002d6c9000 	/usr/lib/libxslt.1.dylib
0x000000002d6c9000 	/System/Library/Frameworks/Carbon.framework/Versions/A/Frameworks/Ink.framework/Versions/A/Ink
0x000000002d6c9000 	/System/Library/PrivateFrameworks/TextureIO.framework/Versions/A/TextureIO
0x000000002d6c9000 	/usr/lib/libate.dylib
0x000000002d6c9000 	/System/Library/PrivateFrameworks/CrashReporterSupport.framework/Versions/A/CrashReporterSupport
0x000000002d6c9000 	/System/Library/PrivateFrameworks/Sharing.framework/Versions/A/Sharing
0x000000002d6c9000 	/System/Library/PrivateFrameworks/IconServices.framework/Versions/A/IconServices
0x000000002d6c9000 	/System/Library/PrivateFrameworks/AuthKit.framework/Versions/A/AuthKit
0x000000002d6c9000 	/System/Library/PrivateFrameworks/Apple80211.framework/Versions/A/Apple80211
0x000000002d6c9000 	/System/Library/PrivateFrameworks/CoreUtils.framework/Versions/A/CoreUtils
0x000000002d6c9000 	/System/Library/Frameworks/CoreWLAN.framework/Versions/A/CoreWLAN
0x000000002d6c9000 	/System/Library/Frameworks/IOBluetooth.framework/Versions/A/IOBluetooth
0x000000002d6c9000 	/System/Library/PrivateFrameworks/ProtocolBuffer.framework/Versions/A/ProtocolBuffer
0x000000002d6c9000 	/System/Library/PrivateFrameworks/MobileKeyBag.framework/Versions/A/MobileKeyBag
0x000000002d6c9000 	/System/Library/PrivateFrameworks/CorePhoneNumbers.framework/Versions/A/CorePhoneNumbers
0x000000002d6c9000 	/System/Library/PrivateFrameworks/AppleIDAuthSupport.framework/Versions/A/AppleIDAuthSupport
0x000000002d6c9000 	/System/Library/PrivateFrameworks/KeychainCircle.framework/Versions/A/KeychainCircle
0x000000002d6c9000 	/System/Library/PrivateFrameworks/CoreWiFi.framework/Versions/A/CoreWiFi
0x000000002d6c9000 	/System/Library/Frameworks/CoreBluetooth.framework/Versions/A/CoreBluetooth
0x000000002d6c9000 	/System/Library/PrivateFrameworks/DebugSymbols.framework/Versions/A/DebugSymbols
0x000000002d6c9000 	/System/Library/PrivateFrameworks/CoreSymbolication.framework/Versions/A/CoreSymbolication
0x000000002d6c9000 	/System/Library/PrivateFrameworks/Symbolication.framework/Versions/A/Symbolication
0x000000002d6c9000 	/System/Library/PrivateFrameworks/AppleFSCompression.framework/Versions/A/AppleFSCompression
0x000000002d6c9000 	/System/Library/PrivateFrameworks/SpeechRecognitionCore.framework/Versions/A/SpeechRecognitionCore
0x0000000103600000 	/Library/Java/JavaVirtualMachines/jdk1.8.0_161.jdk/Contents/Home/jre/lib/server/libjvm.dylib
0x000000002d6c9000 	/usr/lib/libstdc++.6.0.9.dylib
0x0000000102c87000 	/Library/Java/JavaVirtualMachines/jdk1.8.0_161.jdk/Contents/Home/jre/lib/libverify.dylib
0x0000000102c95000 	/Library/Java/JavaVirtualMachines/jdk1.8.0_161.jdk/Contents/Home/jre/lib/libjava.dylib
0x0000000102ccc000 	/Library/Java/JavaVirtualMachines/jdk1.8.0_161.jdk/Contents/Home/jre/lib/libinstrument.dylib
0x0000000102d6a000 	/Library/Java/JavaVirtualMachines/jdk1.8.0_161.jdk/Contents/Home/jre/lib/libzip.dylib
0x0000000109ecb000 	/Library/Java/JavaVirtualMachines/jdk1.8.0_161.jdk/Contents/Home/jre/lib/libnet.dylib
0x0000000109f9b000 	/Library/Java/JavaVirtualMachines/jdk1.8.0_161.jdk/Contents/Home/jre/lib/libosx.dylib
0x000000010a0db000 	/Library/Java/JavaVirtualMachines/jdk1.8.0_161.jdk/Contents/Home/jre/lib/./libosxapp.dylib
0x000000002d6c9000 	/System/Library/Frameworks/JavaVM.framework/Versions/A/Frameworks/JavaNativeFoundation.framework/Versions/A/JavaNativeFoundation
0x000000002d6c9000 	/System/Library/Frameworks/JavaVM.framework/Versions/A/Frameworks/JavaRuntimeSupport.framework/Versions/A/JavaRuntimeSupport
0x000000002d6c9000 	/System/Library/Frameworks/Carbon.framework/Versions/A/Carbon
0x000000002d6c9000 	/System/Library/Frameworks/ExceptionHandling.framework/Versions/A/ExceptionHandling
0x000000002d6c9000 	/System/Library/Frameworks/Carbon.framework/Versions/A/Frameworks/CommonPanels.framework/Versions/A/CommonPanels
0x000000002d6c9000 	/System/Library/Frameworks/Carbon.framework/Versions/A/Frameworks/Help.framework/Versions/A/Help
0x000000002d6c9000 	/System/Library/Frameworks/Carbon.framework/Versions/A/Frameworks/ImageCapture.framework/Versions/A/ImageCapture
0x000000002d6c9000 	/System/Library/Frameworks/Carbon.framework/Versions/A/Frameworks/OpenScripting.framework/Versions/A/OpenScripting
0x000000002d6c9000 	/System/Library/Frameworks/Carbon.framework/Versions/A/Frameworks/Print.framework/Versions/A/Print
0x000000002d6c9000 	/System/Library/Frameworks/Carbon.framework/Versions/A/Frameworks/SecurityHI.framework/Versions/A/SecurityHI
0x000000002d6c9000 	/System/Library/Frameworks/JavaVM.framework/Versions/A/JavaVM
0x000000002d6c9000 	/System/Library/PrivateFrameworks/JavaLaunching.framework/Versions/A/JavaLaunching
0x000000010a1a2000 	/Library/Java/JavaVirtualMachines/jdk1.8.0_161.jdk/Contents/Home/jre/lib/libawt.dylib
0x0000000121be6000 	/Library/Java/JavaVirtualMachines/jdk1.8.0_161.jdk/Contents/Home/jre/lib/./libmlib_image.dylib
0x0000000121cb2000 	/Library/Java/JavaVirtualMachines/jdk1.8.0_161.jdk/Contents/Home/jre/lib/libawt_lwawt.dylib
0x000000002d6c9000 	/System/Library/PrivateFrameworks/CoreServicesInternal.framework/Versions/A/CoreServicesInternal
0x000000002d6c9000 	/System/Library/CoreServices/RawCamera.bundle/Contents/MacOS/RawCamera
0x000000002d6c9000 	/System/Library/PrivateFrameworks/MobileAsset.framework/Versions/A/MobileAsset
0x000000002d6c9000 	/System/Library/PrivateFrameworks/StreamingZip.framework/Versions/A/StreamingZip
0x000000002d6c9000 	/System/Library/Frameworks/MediaToolbox.framework/Versions/A/MediaToolbox
0x000000002d6c9000 	/System/Library/PrivateFrameworks/CoreAVCHD.framework/Versions/A/CoreAVCHD
0x000000002d6c9000 	/System/Library/Frameworks/MediaAccessibility.framework/Versions/A/MediaAccessibility
0x000000002d6c9000 	/System/Library/PrivateFrameworks/Mangrove.framework/Versions/A/Mangrove
0x000000002d6c9000 	/System/Library/Frameworks/CoreMedia.framework/Versions/A/CoreMedia
0x000000002d6c9000 	/System/Library/Frameworks/VideoToolbox.framework/Versions/A/VideoToolbox
0x000000002d6c9000 	/System/Library/PrivateFrameworks/CoreAUC.framework/Versions/A/CoreAUC
0x000000002d6c9000 	/usr/lib/libspindump.dylib
0x000000002d6c9000 	/System/Library/PrivateFrameworks/AppleVA.framework/Versions/A/AppleVA
0x000000002d6c9000 	/System/Library/Frameworks/Accelerate.framework/Versions/A/Frameworks/vImage.framework/Versions/A/Libraries/libCGInterfaces.dylib
0x000000002d6c9000 	/System/Library/Frameworks/ApplicationServices.framework/Versions/A/Frameworks/ATS.framework/Versions/A/Resources/libTrueTypeScaler.dylib
0x000000002d6c9000 	/System/Library/Extensions/AppleIntelKBLGraphicsMTLDriver.bundle/Contents/MacOS/AppleIntelKBLGraphicsMTLDriver
0x000000002d6c9000 	/System/Library/PrivateFrameworks/GPUCompiler.framework/Versions/3802/Libraries/libmetal_timestamp.dylib
0x000000002d6c9000 	/System/Library/PrivateFrameworks/FamilyControls.framework/Versions/A/FamilyControls
0x000000002d6c9000 	/System/Library/PrivateFrameworks/CommerceKit.framework/Versions/A/Frameworks/CommerceCore.framework/Versions/A/CommerceCore
0x000000002d6c9000 	/System/Library/PrivateFrameworks/SystemAdministration.framework/Versions/A/SystemAdministration
0x000000002d6c9000 	/System/Library/PrivateFrameworks/AppContainer.framework/Versions/A/AppContainer
0x000000002d6c9000 	/System/Library/PrivateFrameworks/SecCodeWrapper.framework/Versions/A/SecCodeWrapper
0x000000002d6c9000 	/System/Library/PrivateFrameworks/DiskManagement.framework/Versions/A/DiskManagement
0x000000002d6c9000 	/System/Library/Frameworks/DirectoryService.framework/Versions/A/DirectoryService
0x000000002d6c9000 	/System/Library/PrivateFrameworks/DiskImages.framework/Versions/A/DiskImages
0x000000002d6c9000 	/System/Library/PrivateFrameworks/LoginUIKit.framework/Versions/A/Frameworks/LoginUICore.framework/Versions/A/LoginUICore
0x000000002d6c9000 	/usr/lib/libCoreStorage.dylib
0x000000002d6c9000 	/usr/lib/libcsfde.dylib
0x000000002d6c9000 	/usr/lib/libodfde.dylib
0x000000002d6c9000 	/System/Library/PrivateFrameworks/MediaKit.framework/Versions/A/MediaKit
0x000000002d6c9000 	/System/Library/Frameworks/DiscRecording.framework/Versions/A/DiscRecording
0x000000002d6c9000 	/System/Library/PrivateFrameworks/EFILogin.framework/Versions/A/EFILogin
0x000000002d6c9000 	/System/Library/PrivateFrameworks/ProtectedCloudStorage.framework/Versions/A/ProtectedCloudStorage
0x000000002d6c9000 	/usr/lib/libcurl.4.dylib
0x000000002d6c9000 	/usr/lib/libcrypto.35.dylib
0x000000002d6c9000 	/usr/lib/libssl.35.dylib
0x000000002d6c9000 	/System/Library/Frameworks/LDAP.framework/Versions/A/LDAP
0x000000002d6c9000 	/System/Library/PrivateFrameworks/TrustEvaluationAgent.framework/Versions/A/TrustEvaluationAgent
0x000000002d6c9000 	/usr/lib/libsasl2.2.dylib
0x000000002d6c9000 	/System/Library/PrivateFrameworks/CoreDaemon.framework/Versions/B/CoreDaemon
0x000000002d6c9000 	/System/Library/PrivateFrameworks/AppleSRP.framework/Versions/A/AppleSRP
0x0000000121602000 	/Library/Java/JavaVirtualMachines/jdk1.8.0_161.jdk/Contents/Home/jre/lib/libfontmanager.dylib
0x000000002d6c9000 	/System/Library/PrivateFrameworks/ViewBridge.framework/Versions/A/ViewBridge
0x000000002d6c9000 	/System/Library/Frameworks/OpenGL.framework/Versions/A/Resources/GLEngine.bundle/GLEngine
0x000000002d6c9000 	/System/Library/Frameworks/OpenGL.framework/Versions/A/Libraries/libGLProgrammability.dylib
0x0000000124cf6000 	/System/Library/Extensions/AppleIntelKBLGraphicsGLDriver.bundle/Contents/MacOS/AppleIntelKBLGraphicsGLDriver
0x000000002d6c9000 	/System/Library/PrivateFrameworks/GPUSupport.framework/Versions/A/Libraries/libGPUSupportMercury.dylib
0x000000002d6c9000 	/System/Library/Frameworks/OpenGL.framework/Versions/A/Resources/GLRendererFloat.bundle/GLRendererFloat
0x000000002d6c9000 	/System/Library/Frameworks/OpenCL.framework/Versions/A/Libraries/libcldcpuengine.dylib
0x0000000109f2a000 	/Library/Java/JavaVirtualMachines/jdk1.8.0_161.jdk/Contents/Home/jre/lib/libosxui.dylib
0x000000010a08c000 	/Library/Java/JavaVirtualMachines/jdk1.8.0_161.jdk/Contents/Home/jre/lib/libnio.dylib
0x0000000122d12000 	/Library/Java/JavaVirtualMachines/jdk1.8.0_161.jdk/Contents/Home/jre/lib/libdcpr.dylib
0x000000002d6c9000 	/System/Library/PrivateFrameworks/Shortcut.framework/Versions/A/Shortcut
0x000000002d6c9000 	/System/Library/PrivateFrameworks/HelpData.framework/Versions/A/HelpData
0x000000002d6c9000 	/System/Library/PrivateFrameworks/login.framework/Versions/A/login
0x000000002d6c9000 	/System/Library/PrivateFrameworks/CloudDocs.framework/Versions/A/CloudDocs
0x000000002d6c9000 	/System/Library/PrivateFrameworks/FileProvider.framework/Versions/A/FileProvider
0x000000002d6c9000 	/System/Library/PrivateFrameworks/SpotlightIndex.framework/Versions/A/SpotlightIndex
0x000000002d6c9000 	/System/Library/PrivateFrameworks/SymptomDiagnosticReporter.framework/Versions/A/SymptomDiagnosticReporter
0x000000002d6c9000 	/System/Library/PrivateFrameworks/GenerationalStorage.framework/Versions/A/GenerationalStorage
0x000000002d6c9000 	/System/Library/PrivateFrameworks/ChunkingLibrary.framework/Versions/A/ChunkingLibrary
0x000000002d6c9000 	/System/Library/PrivateFrameworks/CoreNLP.framework/Versions/A/CoreNLP
0x000000002d6c9000 	/usr/lib/libmecab.1.0.0.dylib
0x000000002d6c9000 	/usr/lib/libgermantok.dylib
0x000000002d6c9000 	/usr/lib/libThaiTokenizer.dylib
0x000000016029b000 	/private/var/folders/91/6n93mtg108g6161n3sx_x33m0000gn/T/jhdf5703321517761443295.so
0x000000002d6c9000 	/System/Library/PrivateFrameworks/FinderKit.framework/Versions/A/FinderKit
0x000000002d6c9000 	/System/Library/Frameworks/Quartz.framework/Versions/A/Frameworks/QuickLookUI.framework/Versions/A/QuickLookUI
0x000000002d6c9000 	/System/Library/Frameworks/Quartz.framework/Versions/A/Frameworks/ImageKit.framework/Versions/A/ImageKit
0x000000002d6c9000 	/System/Library/Frameworks/QuickLook.framework/Versions/A/QuickLook
0x000000002d6c9000 	/System/Library/PrivateFrameworks/AppleSystemInfo.framework/Versions/A/AppleSystemInfo
0x000000002d6c9000 	/System/Library/Frameworks/ImageCaptureCore.framework/Versions/A/ImageCaptureCore
0x000000002d6c9000 	/System/Library/PrivateFrameworks/Suggestions.framework/Versions/A/Suggestions
0x000000002d6c9000 	/System/Library/Frameworks/SafariServices.framework/Versions/A/SafariServices
0x000000002d6c9000 	/System/Library/Frameworks/QTKit.framework/Versions/A/QTKit
0x000000002d6c9000 	/System/Library/Frameworks/AVFoundation.framework/Versions/A/AVFoundation
0x000000002d6c9000 	/System/Library/PrivateFrameworks/CoreMediaAuthoring.framework/Versions/A/CoreMediaAuthoring
0x000000002d6c9000 	/System/Library/Frameworks/CoreMediaIO.framework/Versions/A/CoreMediaIO
0x000000002d6c9000 	/System/Library/Frameworks/AVFoundation.framework/Versions/A/Frameworks/AVFAudio.framework/Versions/A/AVFAudio
0x000000002d6c9000 	/System/Library/PrivateFrameworks/IntlPreferences.framework/Versions/A/IntlPreferences
0x000000002d6c9000 	/System/Library/PrivateFrameworks/RemoteServiceDiscovery.framework/Versions/A/RemoteServiceDiscovery
0x000000002d6c9000 	/System/Library/PrivateFrameworks/RemoteXPC.framework/Versions/A/RemoteXPC
0x000000002d6c9000 	/System/Library/PrivateFrameworks/InternationalSupport.framework/Versions/A/InternationalSupport
0x000000002d6c9000 	/System/Library/PrivateFrameworks/QuickLookThumbnailing.framework/Versions/A/QuickLookThumbnailing
0x000000002d6c9000 	/System/Library/PrivateFrameworks/DisplayServices.framework/Versions/A/DisplayServices
0x000000002d6c9000 	/System/Library/Frameworks/Quartz.framework/Versions/A/Frameworks/PDFKit.framework/Versions/A/PDFKit
0x000000002d6c9000 	/System/Library/Frameworks/Quartz.framework/Versions/A/Frameworks/QuartzComposer.framework/Versions/A/QuartzComposer
0x000000002d6c9000 	/System/Library/Frameworks/Quartz.framework/Versions/A/Frameworks/QuartzFilters.framework/Versions/A/QuartzFilters
0x000000002d6c9000 	/System/Library/PrivateFrameworks/CoreBrightness.framework/Versions/A/CoreBrightness
0x000000002d6c9000 	/System/Library/PrivateFrameworks/BezelServices.framework/Versions/A/BezelServices
0x000000002d6c9000 	/System/Library/PrivateFrameworks/CorePDF.framework/Versions/A/CorePDF
0x000000002d6c9000 	/System/Library/Frameworks/JavaScriptCore.framework/Versions/A/JavaScriptCore
0x000000002d6c9000 	/System/Library/Frameworks/AddressBook.framework/Versions/A/AddressBook
0x000000002d6c9000 	/System/Library/PrivateFrameworks/ContactsPersistence.framework/Versions/A/ContactsPersistence
0x000000002d6c9000 	/System/Library/PrivateFrameworks/ApplePushService.framework/Versions/A/ApplePushService
0x000000002d6c9000 	/System/Library/PrivateFrameworks/CalendarAgentLink.framework/Versions/A/CalendarAgentLink
0x000000002d6c9000 	/System/Library/PrivateFrameworks/ContactsFoundation.framework/Versions/A/ContactsFoundation
0x000000002d6c9000 	/System/Library/Frameworks/Quartz.framework/Versions/A/Quartz
0x000000002d6c9000 	/System/Library/Frameworks/SecurityInterface.framework/Versions/A/SecurityInterface
0x000000002d6c9000 	/System/Library/PrivateFrameworks/ToneKit.framework/Versions/A/ToneKit
0x000000002d6c9000 	/System/Library/PrivateFrameworks/ToneLibrary.framework/Versions/A/ToneLibrary
0x000000002d6c9000 	/System/Library/PrivateFrameworks/vCard.framework/Versions/A/vCard
0x000000002d6c9000 	/System/Library/Frameworks/Accounts.framework/Versions/A/Accounts
0x000000002d6c9000 	/System/Library/PrivateFrameworks/PhoneNumbers.framework/Versions/A/PhoneNumbers
0x000000002d6c9000 	/System/Library/PrivateFrameworks/CommonUtilities.framework/Versions/A/CommonUtilities
0x000000002d6c9000 	/System/Library/PrivateFrameworks/PlugInKit.framework/Versions/A/PlugInKit
0x000000002d6c9000 	/System/Library/PrivateFrameworks/SharePointManagement.framework/Versions/A/SharePointManagement
0x000000002d6c9000 	/System/Library/Frameworks/CloudKit.framework/Versions/A/CloudKit
0x000000002d6c9000 	/System/Library/Frameworks/CoreLocation.framework/Versions/A/CoreLocation
0x000000002d6c9000 	/System/Library/PrivateFrameworks/GeoServices.framework/Versions/A/GeoServices
0x000000010a03f000 	/System/Library/PrivateFrameworks/FileProvider.framework/OverrideBundles/CloudDocsFileProvider.bundle/Contents/MacOS/CloudDocsFileProvider
0x0000000123d17000 	/System/Library/PrivateFrameworks/FileProvider.framework/OverrideBundles/FileProviderOverride.bundle/Contents/MacOS/FileProviderOverride
0x000000016e8ee000 	/System/Library/PrivateFrameworks/FileProvider.framework/OverrideBundles/FinderSyncCollaborationFileProviderOverride.bundle/Contents/MacOS/FinderSyncCollaborationFileProviderOverride

VM Arguments:
jvm_args: -javaagent:/Applications/IntelliJ IDEA CE.app/Contents/lib/idea_rt.jar=50616:/Applications/IntelliJ IDEA CE.app/Contents/bin -Dfile.encoding=UTF-8 
java_command: OpenUI
java_class_path (initial): /Library/Java/JavaVirtualMachines/jdk1.8.0_161.jdk/Contents/Home/jre/lib/charsets.jar:/Library/Java/JavaVirtualMachines/jdk1.8.0_161.jdk/Contents/Home/jre/lib/deploy.jar:/Library/Java/JavaVirtualMachines/jdk1.8.0_161.jdk/Contents/Home/jre/lib/ext/cldrdata.jar:/Library/Java/JavaVirtualMachines/jdk1.8.0_161.jdk/Contents/Home/jre/lib/ext/dnsns.jar:/Library/Java/JavaVirtualMachines/jdk1.8.0_161.jdk/Contents/Home/jre/lib/ext/jaccess.jar:/Library/Java/JavaVirtualMachines/jdk1.8.0_161.jdk/Contents/Home/jre/lib/ext/jfxrt.jar:/Library/Java/JavaVirtualMachines/jdk1.8.0_161.jdk/Contents/Home/jre/lib/ext/localedata.jar:/Library/Java/JavaVirtualMachines/jdk1.8.0_161.jdk/Contents/Home/jre/lib/ext/nashorn.jar:/Library/Java/JavaVirtualMachines/jdk1.8.0_161.jdk/Contents/Home/jre/lib/ext/sunec.jar:/Library/Java/JavaVirtualMachines/jdk1.8.0_161.jdk/Contents/Home/jre/lib/ext/sunjce_provider.jar:/Library/Java/JavaVirtualMachines/jdk1.8.0_161.jdk/Contents/Home/jre/lib/ext/sunpkcs11.jar:/Library/Java/JavaVirtualMachines/jdk1.8.0_161.jdk/Contents/Home/jre/lib/ext/zipfs.jar:/Library/Java/JavaVirtualMachines/jdk1.8.0_161.jdk/Contents/Home/jre/lib/javaws.jar:/Library/Java/JavaVirtualMachines/jdk1.8.0_161.jdk/Contents/Home/jre/lib/jce.jar:/Library/Java/JavaVirtualMachines/jdk1.8.0_161.jdk/Contents/Home/jre/lib/jfr.jar:/Library/Java/JavaVirtualMachines/jdk1.8.0_161.jdk/Contents/Home/jre/lib/jfxswt.jar:/Library/Java/JavaVirtualMachines/jdk1.8.0_161.jdk/Contents/Home/jre/lib/jsse.jar:/Library/Java/JavaVirtualMachines/jdk1.8.0_161.jdk/Contents/Home/jre/lib/management-agent.jar:/Library/Java/JavaVirtualMachines/jdk1.8.0_161.jdk/Contents/Home/jre/lib/plugin.jar:/Library/Java/JavaVirtualMachines/jdk1.8.0_161.jdk/Contents/Home/jre/lib/resources.jar:/Library/Java/JavaVirtualMachines/jdk1.8.0_161.jdk/Contents/Home/jre/lib/rt.jar:/Library/Java/JavaVirtualMachines/jdk1.8.0_161.jdk/Contents/Home/lib/ant-javafx.jar:/Library/Java/JavaVirtualMachines/jdk1.8.0_161.jdk/Contents/Home
Launcher Type: SUN_STANDARD

Environment Variables:
JAVA_HOME=/Library/Java/JavaVirtualMachines/jdk1.8.0_161.jdk/Contents/Home
PATH=/anaconda3/bin:/Applications/apache-maven-3.5.3/bin:/usr/local/bin:/usr/bin:/bin:/usr/sbin:/sbin:/opt/X11/bin
SHELL=/bin/bash
DISPLAY=/private/tmp/com.apple.launchd.9MlhHZQviO/org.macosforge.xquartz:0

Signal Handlers:
SIGSEGV: [libjvm.dylib+0x5b5439], sa_mask[0]=11111111011111110111111111111111, sa_flags=SA_ONSTACK|SA_RESTART|SA_SIGINFO
SIGBUS: [libjvm.dylib+0x5b5439], sa_mask[0]=11111111011111110111111111111111, sa_flags=SA_RESTART|SA_SIGINFO
SIGFPE: [libjvm.dylib+0x48ae24], sa_mask[0]=11111111011111110111111111111111, sa_flags=SA_RESTART|SA_SIGINFO
SIGPIPE: [libjvm.dylib+0x48ae24], sa_mask[0]=11111111011111110111111111111111, sa_flags=SA_RESTART|SA_SIGINFO
SIGXFSZ: [libjvm.dylib+0x48ae24], sa_mask[0]=11111111011111110111111111111111, sa_flags=SA_RESTART|SA_SIGINFO
SIGILL: [libjvm.dylib+0x48ae24], sa_mask[0]=11111111011111110111111111111111, sa_flags=SA_RESTART|SA_SIGINFO
SIGUSR1: SIG_DFL, sa_mask[0]=00000000000000000000000000000000, sa_flags=none
SIGUSR2: [libjvm.dylib+0x48a942], sa_mask[0]=00100000000000000000000000000000, sa_flags=SA_RESTART|SA_SIGINFO
SIGHUP: [libjvm.dylib+0x488f0d], sa_mask[0]=11111111011111110111111111111111, sa_flags=SA_RESTART|SA_SIGINFO
SIGINT: [libjvm.dylib+0x488f0d], sa_mask[0]=11111111011111110111111111111111, sa_flags=SA_RESTART|SA_SIGINFO
SIGTERM: [libjvm.dylib+0x488f0d], sa_mask[0]=11111111011111110111111111111111, sa_flags=SA_RESTART|SA_SIGINFO
SIGQUIT: [libjvm.dylib+0x488f0d], sa_mask[0]=11111111011111110111111111111111, sa_flags=SA_RESTART|SA_SIGINFO


---------------  S Y S T E M  ---------------

OS:Bsduname:Darwin 17.7.0 Darwin Kernel Version 17.7.0: Thu Jun 21 22:53:14 PDT 2018; root:xnu-4570.71.2~1/RELEASE_X86_64 x86_64
rlimit: STACK 8192k, CORE 0k, NPROC 1418, NOFILE 12544, AS infinity
load average:7.13 4.41 3.51

CPU:total 4 (initial active 4) (2 cores per cpu, 2 threads per core) family 6 model 142 stepping 9, cmov, cx8, fxsr, mmx, sse, sse2, sse3, ssse3, sse4.1, sse4.2, popcnt, avx, avx2, aes, clmul, erms, rtm, 3dnowpref, lzcnt, ht, tsc, tscinvbit, bmi1, bmi2, adx

Memory: 4k page, physical 16777216k(37828k free)

/proc/meminfo:


vm_info: Java HotSpot(TM) 64-Bit Server VM (25.161-b12) for bsd-amd64 JRE (1.8.0_161-b12), built on Dec 19 2017 16:22:20 by "java_re" with gcc 4.2.1 (Based on Apple Inc. build 5658) (LLVM build 2336.11.00)

time: Wed Sep 19 09:20:02 2018
elapsed time: 9495 seconds (0d 2h 38m 15s)

